[2022-08-25 05:47:57] Studi.WARNING: Foo [] []
[2022-08-25 20:22:31] Studi.WARNING: Foo [] []
[2022-08-25 20:23:41] Studi.WARNING:  [] []
[2022-08-25 20:25:11] Studi.WARNING:  [] []
[2022-08-25 20:25:54] Studi.WARNING:  [] []
[2022-08-25 20:52:32] Studi.WARNING: SELECT m.id, m.titre, n.pays, mt.type, ms.statut FROM mission m, mission_type mt, nationalite n, mission_statut ms  WHERE m.type = mt.id and m.pays = n.id and m.statut = ms.id [] []
[2022-08-26 04:50:55] Studi.WARNING: test [] []
[2022-08-26 04:50:57] Studi.WARNING: test [] []
[2022-08-26 04:51:15] Studi.WARNING: test [] []
[2022-08-26 04:51:15] Studi.WARNING: admin@spy.com [] []
[2022-08-26 04:51:15] Studi.WARNING: MD5:  [] []
[2022-08-26 04:52:30] Studi.WARNING: test [] []
[2022-08-26 04:52:30] Studi.WARNING: admin@spy.com [] []
[2022-08-26 04:52:30] Studi.WARNING: MD5: 098f6bcd4621d373cade4e832627b4f6 [] []
[2022-08-26 04:54:51] Studi.WARNING: test [] []
[2022-08-26 04:54:51] Studi.WARNING: admin@spy.com [] []
[2022-08-26 04:54:51] Studi.WARNING: MD5: 098f6bcd4621d373cade4e832627b4f6 [] []
[2022-08-26 04:54:51] Studi.WARNING: Grand Chef [] []
[2022-08-26 04:55:14] Studi.WARNING: test [] []
[2022-08-26 04:55:14] Studi.WARNING: admin@spy.com [] []
[2022-08-26 04:55:14] Studi.WARNING: MD5: cdaa6716746fb685734abde87f1b08ad [] []
[2022-08-26 04:55:14] Studi.WARNING:  [] []
[2022-08-26 14:14:19] Studi.WARNING: test [] []
[2022-08-26 17:40:23] Studi.WARNING: test [] []
[2022-08-26 17:49:07] Studi.WARNING:  [] []
[2022-08-26 17:49:07] Studi.WARNING: MD5: d41d8cd98f00b204e9800998ecf8427e [] []
[2022-08-26 17:49:07] Studi.WARNING:  [] []
[2022-08-26 17:49:07] Studi.WARNING:  [] []
[2022-08-26 17:49:45] Studi.WARNING: admin@spy.com [] []
[2022-08-26 17:49:45] Studi.WARNING: MD5: 098f6bcd4621d373cade4e832627b4f6 [] []
[2022-08-26 17:49:45] Studi.WARNING: Grand Chef [] []
[2022-08-26 17:49:45] Studi.WARNING:  [] []
[2022-08-26 17:50:57] Studi.WARNING: admin@spy.com [] []
[2022-08-26 17:50:57] Studi.WARNING: MD5: 098f6bcd4621d373cade4e832627b4f6 [] []
[2022-08-26 17:50:57] Studi.WARNING: Grand Chef [] []
[2022-08-26 17:50:57] Studi.WARNING: Non connecté [] []
[2022-08-26 17:51:20] Studi.WARNING: admin@spy.com [] []
[2022-08-26 17:51:20] Studi.WARNING: MD5: 098f6bcd4621d373cade4e832627b4f6 [] []
[2022-08-26 17:51:20] Studi.WARNING: Grand Chef [] []
[2022-08-26 17:51:20] Studi.WARNING: Non connecté [] []
[2022-08-26 17:52:21] Studi.WARNING: admin@spy.com [] []
[2022-08-26 17:52:21] Studi.WARNING: MD5: 098f6bcd4621d373cade4e832627b4f6 [] []
[2022-08-26 17:52:21] Studi.WARNING: Grand Chef [] []
[2022-08-26 17:52:21] Studi.WARNING: Connecté [] []
[2022-08-26 17:52:35] Studi.WARNING: admin@spy.com [] []
[2022-08-26 17:52:35] Studi.WARNING: MD5: d58e3582afa99040e27b92b13c8f2280 [] []
[2022-08-26 17:52:35] Studi.WARNING:  [] []
[2022-08-26 17:52:35] Studi.WARNING: Non connecté [] []
[2022-08-26 17:53:21] Studi.WARNING: admin@spy.com [] []
[2022-08-26 17:53:21] Studi.WARNING: Non connecté [] []
[2022-08-26 17:53:27] Studi.WARNING: admin@spy.com [] []
[2022-08-26 17:53:27] Studi.WARNING: Connecté [] []
[2022-08-26 17:53:30] Studi.WARNING: admin@spy.com [] []
[2022-08-26 17:53:30] Studi.WARNING: Connecté [] []
[2022-08-26 18:11:29] Studi.WARNING: admin@spy.com [] []
[2022-08-26 18:11:29] Studi.WARNING: Connecté [] []
[2022-08-26 18:12:15] Studi.WARNING: admin@spy.com [] []
[2022-08-26 18:12:15] Studi.WARNING: Connecté [] []
[2022-08-26 18:12:17] Studi.WARNING: admin@spy.com [] []
[2022-08-26 18:12:17] Studi.WARNING: Connecté [] []
[2022-08-26 18:13:10] Studi.WARNING: admin@spy.com [] []
[2022-08-26 18:13:10] Studi.WARNING: Connecté [] []
[2022-08-26 18:18:27] Studi.WARNING: admin@spy.com [] []
[2022-08-26 18:18:27] Studi.WARNING: Connecté [] []
[2022-08-26 18:18:28] Studi.WARNING: admin@spy.com [] []
[2022-08-26 18:18:28] Studi.WARNING: Connecté [] []
[2022-08-26 18:18:48] Studi.WARNING: admin@spy.com [] []
[2022-08-26 18:18:48] Studi.WARNING: Connecté [] []
[2022-08-26 18:22:25] Studi.WARNING: admin@spy.com [] []
[2022-08-26 18:22:25] Studi.WARNING: Connecté [] []
[2022-08-26 18:22:26] Studi.WARNING: admin@spy.com [] []
[2022-08-26 18:22:26] Studi.WARNING: Connecté [] []
[2022-08-26 18:23:43] Studi.WARNING: admin@spy.com [] []
[2022-08-26 18:23:43] Studi.WARNING: Connecté [] []
[2022-08-26 18:24:30] Studi.WARNING: admin@spy.com [] []
[2022-08-26 18:24:30] Studi.WARNING: Connecté [] []
[2022-08-26 18:26:51] Studi.WARNING: admin@spy.com [] []
[2022-08-26 18:26:51] Studi.WARNING: Connecté [] []
[2022-08-26 18:27:42] Studi.WARNING: admin@spy.com [] []
[2022-08-26 18:27:42] Studi.WARNING: Connecté [] []
[2022-08-26 18:27:45] Studi.WARNING: admin@spy.com [] []
[2022-08-26 18:27:45] Studi.WARNING: Connecté [] []
[2022-08-26 18:27:57] Studi.WARNING: admin@spy.com [] []
[2022-08-26 18:27:57] Studi.WARNING: Connecté [] []
[2022-08-26 18:27:59] Studi.WARNING: admin@spy.com [] []
[2022-08-26 18:27:59] Studi.WARNING: Connecté [] []
[2022-08-26 18:30:22] Studi.WARNING: admin@spy.com [] []
[2022-08-26 18:30:22] Studi.WARNING: Connecté [] []
[2022-08-26 18:51:01] Studi.WARNING: admin@spy.com [] []
[2022-08-26 18:51:01] Studi.WARNING: Connecté [] []
[2022-08-26 19:02:06] Studi.WARNING: admin@spy.com [] []
[2022-08-26 19:02:06] Studi.WARNING: Connecté [] []
[2022-08-26 19:02:44] Studi.WARNING: admin@spy.com [] []
[2022-08-26 19:02:44] Studi.WARNING: Connecté [] []
[2022-08-26 19:05:53] Studi.WARNING: admin@spy.com [] []
[2022-08-26 19:05:53] Studi.WARNING: Connecté [] []
[2022-08-26 19:08:41] Studi.WARNING: admin@spy.com [] []
[2022-08-26 19:08:41] Studi.WARNING: Connecté [] []
[2022-08-26 19:11:32] Studi.WARNING: admin@spy.com [] []
[2022-08-26 19:11:32] Studi.WARNING: Connecté [] []
[2022-08-26 19:11:54] Studi.WARNING: admin@spy.com [] []
[2022-08-26 19:11:54] Studi.WARNING: Connecté [] []
[2022-08-26 19:14:56] Studi.WARNING: admin@spy.com [] []
[2022-08-26 19:14:56] Studi.WARNING: Connecté [] []
[2022-08-26 19:30:13] Studi.WARNING: admin@spy.com [] []
[2022-08-26 19:30:13] Studi.WARNING: Connecté [] []
[2022-08-26 19:30:28] Studi.WARNING: admin@spy.com [] []
[2022-08-26 19:30:28] Studi.WARNING: Connecté [] []
[2022-08-26 19:30:29] Studi.WARNING: admin@spy.com [] []
[2022-08-26 19:30:29] Studi.WARNING: Connecté [] []
[2022-08-26 19:31:36] Studi.WARNING: admin@spy.com [] []
[2022-08-26 19:31:36] Studi.WARNING: Connecté [] []
[2022-08-26 19:31:41] Studi.WARNING: admin@spy.com [] []
[2022-08-26 19:31:41] Studi.WARNING: Connecté [] []
[2022-08-26 19:31:43] Studi.WARNING: admin@spy.com [] []
[2022-08-26 19:31:43] Studi.WARNING: Connecté [] []
[2022-08-26 19:32:01] Studi.WARNING: admin@spy.com [] []
[2022-08-26 19:32:01] Studi.WARNING: Connecté [] []
[2022-08-26 19:32:25] Studi.WARNING: admin@spy.com [] []
[2022-08-26 19:32:25] Studi.WARNING: Connecté [] []
[2022-08-27 05:23:01] Studi.WARNING: admin@spy.com [] []
[2022-08-27 05:23:01] Studi.WARNING: Connecté [] []
[2022-08-27 05:23:11] Studi.WARNING: admin@spy.com [] []
[2022-08-27 05:23:11] Studi.WARNING: Connecté [] []
[2022-08-27 05:23:50] Studi.WARNING: admin@spy.com [] []
[2022-08-27 05:23:50] Studi.WARNING: Connecté [] []
[2022-08-27 05:23:53] Studi.WARNING: admin@spy.com [] []
[2022-08-27 05:23:53] Studi.WARNING: Connecté [] []
[2022-08-27 05:28:04] Studi.WARNING: admin@spy.com [] []
[2022-08-27 05:28:04] Studi.WARNING: Connecté [] []
[2022-08-27 09:47:09] Studi.WARNING: admin@spy.com [] []
[2022-08-27 09:47:09] Studi.WARNING: Connecté [] []
[2022-08-27 20:25:58] Studi.WARNING: admin@spy.com [] []
[2022-08-27 20:25:58] Studi.WARNING: Connecté [] []
[2022-08-27 20:31:59] Studi.WARNING: admin@spy.com [] []
[2022-08-27 20:31:59] Studi.WARNING: Connecté [] []
[2022-08-27 20:32:19] Studi.WARNING: admin@spy.com [] []
[2022-08-27 20:32:19] Studi.WARNING: Connecté [] []
[2022-08-27 20:33:08] Studi.WARNING: admin@spy.com [] []
[2022-08-27 20:33:08] Studi.WARNING: Connecté [] []
[2022-08-27 20:33:10] Studi.WARNING: admin@spy.com [] []
[2022-08-27 20:33:10] Studi.WARNING: Connecté [] []
[2022-08-27 20:33:11] Studi.WARNING: admin@spy.com [] []
[2022-08-27 20:33:11] Studi.WARNING: Connecté [] []
[2022-08-27 20:33:37] Studi.WARNING: admin@spy.com [] []
[2022-08-27 20:33:37] Studi.WARNING: Connecté [] []
[2022-08-27 20:33:39] Studi.WARNING: admin@spy.com [] []
[2022-08-27 20:33:39] Studi.WARNING: Connecté [] []
[2022-08-27 20:34:20] Studi.WARNING: admin@spy.com [] []
[2022-08-27 20:34:20] Studi.WARNING: Connecté [] []
[2022-08-27 20:34:22] Studi.WARNING: admin@spy.com [] []
[2022-08-27 20:34:22] Studi.WARNING: Connecté [] []
[2022-08-27 20:34:49] Studi.WARNING: admin@spy.com [] []
[2022-08-27 20:34:49] Studi.WARNING: Connecté [] []
[2022-08-27 20:35:54] Studi.WARNING: admin@spy.com [] []
[2022-08-27 20:35:54] Studi.WARNING: Connecté [] []
[2022-08-27 20:36:12] Studi.WARNING: admin@spy.com [] []
[2022-08-27 20:36:12] Studi.WARNING: Connecté [] []
[2022-08-27 20:40:16] Studi.WARNING: admin@spy.com [] []
[2022-08-27 20:40:16] Studi.WARNING: Connecté [] []
[2022-08-27 20:53:00] Studi.WARNING: admin@spy.com [] []
[2022-08-27 20:53:00] Studi.WARNING: Connecté [] []
[2022-08-27 20:58:24] Studi.WARNING: admin@spy.com [] []
[2022-08-27 20:58:24] Studi.WARNING: Connecté [] []
[2022-08-28 09:05:50] Studi.WARNING:  [] []
[2022-08-28 09:06:08] Studi.WARNING:  [] []
[2022-08-28 09:10:37] Studi.WARNING:  [] []
[2022-08-28 09:13:39] Studi.WARNING:  [] []
[2022-08-28 09:14:47] Studi.WARNING: admin@spy.com [] []
[2022-08-28 09:14:47] Studi.WARNING: Connecté [] []
[2022-08-28 09:14:57] Studi.WARNING:  [] []
[2022-08-31 05:57:06] Studi.WARNING: admin@spy.com [] []
[2022-08-31 05:57:06] Studi.WARNING: Connecté [] []
[2022-08-31 06:58:41] Studi.WARNING: admin@spy.com [] []
[2022-08-31 06:58:41] Studi.WARNING: Connecté [] []
[2022-08-31 06:58:49] Studi.WARNING: admin@spy.com [] []
[2022-08-31 06:58:49] Studi.WARNING: Connecté [] []
[2022-08-31 07:00:39] Studi.WARNING: admin@spy.com [] []
[2022-08-31 07:00:39] Studi.WARNING: Connecté [] []
[2022-08-31 07:01:19] Studi.WARNING: admin@spy.com [] []
[2022-08-31 07:01:19] Studi.WARNING: Connecté [] []
[2022-08-31 07:06:14] Studi.WARNING: admin@spy.com [] []
[2022-08-31 07:06:14] Studi.WARNING: Connecté [] []
